  CWaves.cpp
  Framework.cpp
D:\ldeurveilher\Tools\Git\ApiAudio\API-Audio\API Audio\framework\Win32\Framework.cpp(210,2): warning C4996: 'sprintf': This function or variable may be unsafe. Consider using sprintf_s instead. To disable deprecation, use _CRT_SECURE_NO_WARNINGS. See online help for details.
  LoadOAL.cpp
  aldlist.cpp
D:\ldeurveilher\Tools\Git\ApiAudio\API-Audio\API Audio\framework\Win32\aldlist.cpp(42,19): warning C4858: abandon de la valeur retournée : This member function returns a bool indicating whether the container is empty and has no other effects. It is not useful to call this member function and discard the return value. Use the 'clear()' member function if you want to erase all elements.
D:\ldeurveilher\Tools\Git\ApiAudio\API-Audio\API Audio\framework\Win32\aldlist.cpp(133,41): warning C4858: abandon de la valeur retournée : This member function returns a bool indicating whether the container is empty and has no other effects. It is not useful to call this member function and discard the return value. Use the 'clear()' member function if you want to erase all elements.
D:\ldeurveilher\Tools\Git\ApiAudio\API-Audio\API Audio\framework\Win32\aldlist.cpp(138,19): warning C4858: abandon de la valeur retournée : This member function returns a bool indicating whether the container is empty and has no other effects. It is not useful to call this member function and discard the return value. Use the 'clear()' member function if you want to erase all elements.
  APIwindow.cpp
D:\ldeurveilher\Tools\Git\ApiAudio\API-Audio\API Audio\API Audio\APIwindow.h(242,22): warning C4244: 'argument' : conversion de 'int' en 'float', perte possible de données
  .NETFramework,Version=v4.7.2.AssemblyAttributes.cpp
  Player.cpp
D:\ldeurveilher\Tools\Git\ApiAudio\API-Audio\API Audio\API Audio\Player.cpp(22,11): warning C4101: 'iState' : variable locale non référencée
  Génération de code en cours...
D:\ldeurveilher\Tools\Git\ApiAudio\API-Audio\API Audio\framework\Win32\Framework.cpp(200): warning C4793: 'ALFWprintf' : fonction compilée en tant que code natif :
  	varargs non pris en charge sous /clr
D:\ldeurveilher\Tools\Git\ApiAudio\API-Audio\API Audio\framework\Win32\Framework.cpp(202): warning C4793: 'ALFWprintf' : fonction compilée en tant que code natif :
  	un intrinsèque non pris en charge a été trouvé dans le code managé
D:\ldeurveilher\Tools\Git\ApiAudio\API-Audio\API Audio\framework\Win32\Framework.cpp(204): warning C4793: 'ALFWprintf' : fonction compilée en tant que code natif :
  	un intrinsèque non pris en charge a été trouvé dans le code managé
  aldlist.obj : module MSIL détecté ; liens incrémentiels désactivés pour MSIL ; édition de liens complète en cours
Framework.obj : warning LNK4248: jeton typeref non résolu (0100001C) pour 'ALCdevice_struct' ; l'image risque de ne pas s'exécuter
aldlist.obj : warning LNK4248: jeton typeref non résolu (0100001B) pour 'ALCdevice_struct' ; l'image risque de ne pas s'exécuter
Framework.obj : warning LNK4248: jeton typeref non résolu (0100001B) pour 'ALCcontext_struct' ; l'image risque de ne pas s'exécuter
aldlist.obj : warning LNK4248: jeton typeref non résolu (0100001C) pour 'ALCcontext_struct' ; l'image risque de ne pas s'exécuter
  API Audio.vcxproj -> D:\ldeurveilher\Tools\Git\ApiAudio\API-Audio\API Audio\Debug\API Audio.exe
