  APIwindow.cpp
  Player.cpp
  Génération de code en cours...
  aldlist.obj : module MSIL détecté ; liens incrémentiels désactivés pour MSIL ; édition de liens complète en cours
Framework.obj : warning LNK4248: jeton typeref non résolu (0100001C) pour 'ALCdevice_struct' ; l'image risque de ne pas s'exécuter
aldlist.obj : warning LNK4248: jeton typeref non résolu (0100001A) pour 'ALCdevice_struct' ; l'image risque de ne pas s'exécuter
Framework.obj : warning LNK4248: jeton typeref non résolu (0100001E) pour 'ALCcontext_struct' ; l'image risque de ne pas s'exécuter
aldlist.obj : warning LNK4248: jeton typeref non résolu (01000020) pour 'ALCcontext_struct' ; l'image risque de ne pas s'exécuter
Framework.obj : error LNK2028: jeton non résolu (0A0001D7) "extern "C" char __cdecl alcCloseDevice(struct ALCdevice_struct *)" (?alcCloseDevice@@$$J0YADPEAUALCdevice_struct@@@Z) référencé dans la fonction "char __cdecl ALFWShutdownOpenAL(void)" (?ALFWShutdownOpenAL@@$$FYADXZ)
Framework.obj : error LNK2028: jeton non résolu (0A0001DF) "extern "C" char __cdecl alcIsExtensionPresent(struct ALCdevice_struct *,char const *)" (?alcIsExtensionPresent@@$$J0YADPEAUALCdevice_struct@@PEBD@Z) référencé dans la fonction "char __cdecl ALFWIsEFXSupported(void)" (?ALFWIsEFXSupported@@$$FYADXZ)
Framework.obj : error LNK2028: jeton non résolu (0A0001F0) "extern "C" struct ALCcontext_struct * __cdecl alcGetCurrentContext(void)" (?alcGetCurrentContext@@$$J0YAPEAUALCcontext_struct@@XZ) référencé dans la fonction "char __cdecl ALFWShutdownOpenAL(void)" (?ALFWShutdownOpenAL@@$$FYADXZ)
Framework.obj : error LNK2028: jeton non résolu (0A0001F5) "extern "C" struct ALCcontext_struct * __cdecl alcCreateContext(struct ALCdevice_struct *,int const *)" (?alcCreateContext@@$$J0YAPEAUALCcontext_struct@@PEAUALCdevice_struct@@PEBH@Z) référencé dans la fonction "char __cdecl ALFWInitOpenAL(void)" (?ALFWInitOpenAL@@$$FYADXZ)
Framework.obj : error LNK2028: jeton non résolu (0A000227) "extern "C" void * __cdecl alGetProcAddress(char const *)" (?alGetProcAddress@@$$J0YAPEAXPEBD@Z) référencé dans la fonction "char __cdecl ALFWIsXRAMSupported(void)" (?ALFWIsXRAMSupported@@$$FYADXZ)
Framework.obj : error LNK2028: jeton non résolu (0A000237) "extern "C" struct ALCdevice_struct * __cdecl alcOpenDevice(char const *)" (?alcOpenDevice@@$$J0YAPEAUALCdevice_struct@@PEBD@Z) référencé dans la fonction "char __cdecl ALFWInitOpenAL(void)" (?ALFWInitOpenAL@@$$FYADXZ)
Framework.obj : error LNK2028: jeton non résolu (0A00023B) "extern "C" int __cdecl alGetEnumValue(char const *)" (?alGetEnumValue@@$$J0YAHPEBD@Z) référencé dans la fonction "char __cdecl ALFWIsXRAMSupported(void)" (?ALFWIsXRAMSupported@@$$FYADXZ)
Framework.obj : error LNK2028: jeton non résolu (0A00024F) "extern "C" char const * __cdecl alcGetString(struct ALCdevice_struct *,int)" (?alcGetString@@$$J0YAPEBDPEAUALCdevice_struct@@H@Z) référencé dans la fonction "char __cdecl ALFWInitOpenAL(void)" (?ALFWInitOpenAL@@$$FYADXZ)
Framework.obj : error LNK2028: jeton non résolu (0A000254) "extern "C" void __cdecl alcDestroyContext(struct ALCcontext_struct *)" (?alcDestroyContext@@$$J0YAXPEAUALCcontext_struct@@@Z) référencé dans la fonction "char __cdecl ALFWShutdownOpenAL(void)" (?ALFWShutdownOpenAL@@$$FYADXZ)
Framework.obj : error LNK2028: jeton non résolu (0A00025F) "extern "C" char __cdecl alcMakeContextCurrent(struct ALCcontext_struct *)" (?alcMakeContextCurrent@@$$J0YADPEAUALCcontext_struct@@@Z) référencé dans la fonction "char __cdecl ALFWShutdownOpenAL(void)" (?ALFWShutdownOpenAL@@$$FYADXZ)
Framework.obj : error LNK2028: jeton non résolu (0A000276) "extern "C" int __cdecl alGetError(void)" (?alGetError@@$$J0YAHXZ) référencé dans la fonction "char __cdecl ALFWLoadWaveToBuffer(char const *,unsigned int,int)" (?ALFWLoadWaveToBuffer@@$$FYADPEBDIH@Z)
Framework.obj : error LNK2028: jeton non résolu (0A00027D) "extern "C" char __cdecl alIsExtensionPresent(char const *)" (?alIsExtensionPresent@@$$J0YADPEBD@Z) référencé dans la fonction "char __cdecl ALFWIsXRAMSupported(void)" (?ALFWIsXRAMSupported@@$$FYADXZ)
Framework.obj : error LNK2028: jeton non résolu (0A00027F) "extern "C" void __cdecl alBufferData(unsigned int,int,void const *,int,int)" (?alBufferData@@$$J0YAXIHPEBXHH@Z) référencé dans la fonction "char __cdecl ALFWLoadWaveToBuffer(char const *,unsigned int,int)" (?ALFWLoadWaveToBuffer@@$$FYADPEBDIH@Z)
Framework.obj : error LNK2028: jeton non résolu (0A00028E) "extern "C" struct ALCdevice_struct * __cdecl alcGetContextsDevice(struct ALCcontext_struct *)" (?alcGetContextsDevice@@$$J0YAPEAUALCdevice_struct@@PEAUALCcontext_struct@@@Z) référencé dans la fonction "char __cdecl ALFWShutdownOpenAL(void)" (?ALFWShutdownOpenAL@@$$FYADXZ)
APIwindow.obj : error LNK2028: jeton non résolu (0A00000D) "int __cdecl init(void)" (?init@@$$FYAHXZ) référencé dans la fonction "public: __clrcall APIAudio::APIwindow::APIwindow(void)" (??0APIwindow@APIAudio@@$$FQE$AAM@XZ)
Player.obj : error LNK2028: jeton non résolu (0A00007A) "extern "C" void __cdecl alSourcei(unsigned int,int,int)" (?alSourcei@@$$J0YAXIHH@Z) référencé dans la fonction "int __cdecl Play(char const *)" (?Play@@$$FYAHPEBD@Z)
Player.obj : error LNK2028: jeton non résolu (0A000080) "extern "C" void __cdecl alGenBuffers(int,unsigned int *)" (?alGenBuffers@@$$J0YAXHPEAI@Z) référencé dans la fonction "int __cdecl Play(char const *)" (?Play@@$$FYAHPEBD@Z)
Player.obj : error LNK2028: jeton non résolu (0A000096) "extern "C" void __cdecl alSourceStop(unsigned int)" (?alSourceStop@@$$J0YAXI@Z) référencé dans la fonction "int __cdecl Play(char const *)" (?Play@@$$FYAHPEBD@Z)
Player.obj : error LNK2028: jeton non résolu (0A0000AA) "extern "C" void __cdecl alGetSourcei(unsigned int,int,int *)" (?alGetSourcei@@$$J0YAXIHPEAH@Z) référencé dans la fonction "int __cdecl Play(char const *)" (?Play@@$$FYAHPEBD@Z)
Player.obj : error LNK2028: jeton non résolu (0A0000AE) "extern "C" void __cdecl alSourcePlay(unsigned int)" (?alSourcePlay@@$$J0YAXI@Z) référencé dans la fonction "int __cdecl Play(char const *)" (?Play@@$$FYAHPEBD@Z)
Player.obj : error LNK2028: jeton non résolu (0A0000B2) "extern "C" void __cdecl alSourcePause(unsigned int)" (?alSourcePause@@$$J0YAXI@Z) référencé dans la fonction "void __cdecl Pause(void)" (?Pause@@$$FYAXXZ)
Player.obj : error LNK2028: jeton non résolu (0A0000D0) "extern "C" void __cdecl alGenSources(int,unsigned int *)" (?alGenSources@@$$J0YAXHPEAI@Z) référencé dans la fonction "int __cdecl Play(char const *)" (?Play@@$$FYAHPEBD@Z)
Player.obj : error LNK2028: jeton non résolu (0A0000D4) "extern "C" void __cdecl alDeleteBuffers(int,unsigned int const *)" (?alDeleteBuffers@@$$J0YAXHPEBI@Z) référencé dans la fonction "int __cdecl Play(char const *)" (?Play@@$$FYAHPEBD@Z)
Player.obj : error LNK2028: jeton non résolu (0A0000DB) "extern "C" void __cdecl alDeleteSources(int,unsigned int const *)" (?alDeleteSources@@$$J0YAXHPEBI@Z) référencé dans la fonction "int __cdecl Play(char const *)" (?Play@@$$FYAHPEBD@Z)
Framework.obj : error LNK2019: symbole externe non résolu "extern "C" struct ALCcontext_struct * __cdecl alcGetCurrentContext(void)" (?alcGetCurrentContext@@$$J0YAPEAUALCcontext_struct@@XZ) référencé dans la fonction "char __cdecl ALFWShutdownOpenAL(void)" (?ALFWShutdownOpenAL@@$$FYADXZ)
Framework.obj : error LNK2019: symbole externe non résolu "extern "C" struct ALCdevice_struct * __cdecl alcGetContextsDevice(struct ALCcontext_struct *)" (?alcGetContextsDevice@@$$J0YAPEAUALCdevice_struct@@PEAUALCcontext_struct@@@Z) référencé dans la fonction "char __cdecl ALFWShutdownOpenAL(void)" (?ALFWShutdownOpenAL@@$$FYADXZ)
Framework.obj : error LNK2019: symbole externe non résolu "extern "C" char __cdecl alcMakeContextCurrent(struct ALCcontext_struct *)" (?alcMakeContextCurrent@@$$J0YADPEAUALCcontext_struct@@@Z) référencé dans la fonction "char __cdecl ALFWShutdownOpenAL(void)" (?ALFWShutdownOpenAL@@$$FYADXZ)
Framework.obj : error LNK2019: symbole externe non résolu "extern "C" void __cdecl alcDestroyContext(struct ALCcontext_struct *)" (?alcDestroyContext@@$$J0YAXPEAUALCcontext_struct@@@Z) référencé dans la fonction "char __cdecl ALFWShutdownOpenAL(void)" (?ALFWShutdownOpenAL@@$$FYADXZ)
Framework.obj : error LNK2019: symbole externe non résolu "extern "C" char __cdecl alcCloseDevice(struct ALCdevice_struct *)" (?alcCloseDevice@@$$J0YADPEAUALCdevice_struct@@@Z) référencé dans la fonction "char __cdecl ALFWShutdownOpenAL(void)" (?ALFWShutdownOpenAL@@$$FYADXZ)
Framework.obj : error LNK2001: symbole externe non résolu alGetEnumValue
Framework.obj : error LNK2019: symbole externe non résolu "extern "C" int __cdecl alGetError(void)" (?alGetError@@$$J0YAHXZ) référencé dans la fonction "char __cdecl ALFWLoadWaveToBuffer(char const *,unsigned int,int)" (?ALFWLoadWaveToBuffer@@$$FYADPEBDIH@Z)
Framework.obj : error LNK2019: symbole externe non résolu "extern "C" void __cdecl alBufferData(unsigned int,int,void const *,int,int)" (?alBufferData@@$$J0YAXIHPEBXHH@Z) référencé dans la fonction "char __cdecl ALFWLoadWaveToBuffer(char const *,unsigned int,int)" (?ALFWLoadWaveToBuffer@@$$FYADPEBDIH@Z)
Framework.obj : error LNK2019: symbole externe non résolu "extern "C" char __cdecl alIsExtensionPresent(char const *)" (?alIsExtensionPresent@@$$J0YADPEBD@Z) référencé dans la fonction "char __cdecl ALFWIsXRAMSupported(void)" (?ALFWIsXRAMSupported@@$$FYADXZ)
Framework.obj : error LNK2019: symbole externe non résolu "extern "C" void * __cdecl alGetProcAddress(char const *)" (?alGetProcAddress@@$$J0YAPEAXPEBD@Z) référencé dans la fonction "char __cdecl ALFWIsXRAMSupported(void)" (?ALFWIsXRAMSupported@@$$FYADXZ)
Framework.obj : error LNK2019: symbole externe non résolu "extern "C" int __cdecl alGetEnumValue(char const *)" (?alGetEnumValue@@$$J0YAHPEBD@Z) référencé dans la fonction "char __cdecl ALFWIsXRAMSupported(void)" (?ALFWIsXRAMSupported@@$$FYADXZ)
Framework.obj : error LNK2019: symbole externe non résolu "extern "C" char __cdecl alcIsExtensionPresent(struct ALCdevice_struct *,char const *)" (?alcIsExtensionPresent@@$$J0YADPEAUALCdevice_struct@@PEBD@Z) référencé dans la fonction "char __cdecl ALFWIsEFXSupported(void)" (?ALFWIsEFXSupported@@$$FYADXZ)
Framework.obj : error LNK2019: symbole externe non résolu "extern "C" struct ALCdevice_struct * __cdecl alcOpenDevice(char const *)" (?alcOpenDevice@@$$J0YAPEAUALCdevice_struct@@PEBD@Z) référencé dans la fonction "char __cdecl ALFWInitOpenAL(void)" (?ALFWInitOpenAL@@$$FYADXZ)
Framework.obj : error LNK2019: symbole externe non résolu "extern "C" struct ALCcontext_struct * __cdecl alcCreateContext(struct ALCdevice_struct *,int const *)" (?alcCreateContext@@$$J0YAPEAUALCcontext_struct@@PEAUALCdevice_struct@@PEBH@Z) référencé dans la fonction "char __cdecl ALFWInitOpenAL(void)" (?ALFWInitOpenAL@@$$FYADXZ)
Framework.obj : error LNK2019: symbole externe non résolu "extern "C" char const * __cdecl alcGetString(struct ALCdevice_struct *,int)" (?alcGetString@@$$J0YAPEBDPEAUALCdevice_struct@@H@Z) référencé dans la fonction "char __cdecl ALFWInitOpenAL(void)" (?ALFWInitOpenAL@@$$FYADXZ)
APIwindow.obj : error LNK2019: symbole externe non résolu "int __cdecl init(void)" (?init@@$$FYAHXZ) référencé dans la fonction "public: __clrcall APIAudio::APIwindow::APIwindow(void)" (??0APIwindow@APIAudio@@$$FQE$AAM@XZ)
Player.obj : error LNK2019: symbole externe non résolu "extern "C" void __cdecl alGetSourcei(unsigned int,int,int *)" (?alGetSourcei@@$$J0YAXIHPEAH@Z) référencé dans la fonction "int __cdecl Play(char const *)" (?Play@@$$FYAHPEBD@Z)
Player.obj : error LNK2019: symbole externe non résolu "extern "C" void __cdecl alSourceStop(unsigned int)" (?alSourceStop@@$$J0YAXI@Z) référencé dans la fonction "int __cdecl Play(char const *)" (?Play@@$$FYAHPEBD@Z)
Player.obj : error LNK2019: symbole externe non résolu "extern "C" void __cdecl alDeleteSources(int,unsigned int const *)" (?alDeleteSources@@$$J0YAXHPEBI@Z) référencé dans la fonction "int __cdecl Play(char const *)" (?Play@@$$FYAHPEBD@Z)
Player.obj : error LNK2019: symbole externe non résolu "extern "C" void __cdecl alDeleteBuffers(int,unsigned int const *)" (?alDeleteBuffers@@$$J0YAXHPEBI@Z) référencé dans la fonction "int __cdecl Play(char const *)" (?Play@@$$FYAHPEBD@Z)
Player.obj : error LNK2019: symbole externe non résolu "extern "C" void __cdecl alGenBuffers(int,unsigned int *)" (?alGenBuffers@@$$J0YAXHPEAI@Z) référencé dans la fonction "int __cdecl Play(char const *)" (?Play@@$$FYAHPEBD@Z)
Player.obj : error LNK2019: symbole externe non résolu "extern "C" void __cdecl alGenSources(int,unsigned int *)" (?alGenSources@@$$J0YAXHPEAI@Z) référencé dans la fonction "int __cdecl Play(char const *)" (?Play@@$$FYAHPEBD@Z)
Player.obj : error LNK2019: symbole externe non résolu "extern "C" void __cdecl alSourcei(unsigned int,int,int)" (?alSourcei@@$$J0YAXIHH@Z) référencé dans la fonction "int __cdecl Play(char const *)" (?Play@@$$FYAHPEBD@Z)
Player.obj : error LNK2019: symbole externe non résolu "extern "C" void __cdecl alSourcePlay(unsigned int)" (?alSourcePlay@@$$J0YAXI@Z) référencé dans la fonction "int __cdecl Play(char const *)" (?Play@@$$FYAHPEBD@Z)
Player.obj : error LNK2019: symbole externe non résolu "extern "C" void __cdecl alSourcePause(unsigned int)" (?alSourcePause@@$$J0YAXI@Z) référencé dans la fonction "void __cdecl Pause(void)" (?Pause@@$$FYAXXZ)
libs\win32\OpenAL32.lib : warning LNK4272: type d'ordinateur bibliothèque 'x86' en conflit avec le type d'ordinateur cible 'x64'
D:\ldeurveilher\Tools\Git\ApiAudio\API-Audio\API Audio\x64\Debug\API Audio.exe : fatal error LNK1120: 49 externes non résolus
